<?xml version="1.0" encoding="UTF-8"?>
<!-- Generated by org.testng.reporters.JUnitReportReporter -->
<testsuite hostname="DESKTOP-0QVDKC7" name="Runnerfile.Runnerfile" tests="1" failures="0" timestamp="1 Feb 2021 23:42:29 GMT" time="61.185" errors="0">
  <testcase name="feature" time="61.185" classname="Runnerfile.Runnerfile"/>
</testsuite> <!-- Runnerfile.Runnerfile -->
