<?xml version="1.0" encoding="UTF-8"?>
<!-- Generated by org.testng.reporters.JUnitReportReporter -->
<testsuite hostname="DESKTOP-0QVDKC7" name="Runnerfile.Runnerfile" tests="1" failures="0" timestamp="23 Apr 2021 01:15:19 GMT" time="63.535" errors="0">
  <testcase name="feature" time="63.535" classname="Runnerfile.Runnerfile"/>
</testsuite> <!-- Runnerfile.Runnerfile -->
